<?xml version="1.0" encoding="UTF-8"?>
<!-- Generated by org.testng.reporters.JUnitReportReporter -->
<testsuite hostname="acer" failures="0" tests="1" name="testCases.ViewUsersTest" time="9.934" errors="0" timestamp="2023-04-09T13:05:01 IST" skipped="0">
  <testcase classname="testCases.ViewUsersTest" name="viewUsers" time="9.934"/>
  <system-out/>
</testsuite> <!-- testCases.ViewUsersTest -->
