<?xml version="1.0" encoding="UTF-8"?>
<!-- Generated by org.testng.reporters.JUnitReportReporter -->
<testsuite hostname="acer" failures="0" tests="1" name="testCases.LoginTest" time="3.062" errors="0" timestamp="2023-04-09T13:33:51 IST" skipped="0">
  <testcase classname="testCases.LoginTest" name="loginToApplication" time="3.062"/>
  <system-out/>
</testsuite> <!-- testCases.LoginTest -->
